[ 2017-12-24T09:00:39+08:00 ] ::1 /admin.php?c=content&a=listorder
INFO: [ app_begin ] --START--
INFO: Run Behavior\ReadHtmlCacheBehavior [ RunTime:0.000653s ]
INFO: [ app_begin ] --END-- [ RunTime:0.001222s ]
NOTIC: [2] Declaration of Common\Model\NewsModel::find($id) should be compatible with Think\Model::find($options = Array) /Users/joe/PhpstormProjects/ks/joecms/Application/Common/Model/NewsModel.class.php 第 7 行.
SQL: SHOW COLUMNS FROM `cms_news` [ RunTime:0.0043s ]
SQL: UPDATE `cms_news` SET `listorder`='2' WHERE ( news_id=24 ) [ RunTime:0.0006s ]
NOTIC: [8] Undefined variable: id /Users/joe/PhpstormProjects/ks/joecms/Application/Admin/Controller/ContentController.class.php 第 177 行.
SQL: UPDATE `cms_news` SET `listorder`='1' WHERE ( news_id=23 ) [ RunTime:0.0004s ]
NOTIC: [8] Undefined variable: id /Users/joe/PhpstormProjects/ks/joecms/Application/Admin/Controller/ContentController.class.php 第 177 行.
SQL: UPDATE `cms_news` SET `listorder`='1' WHERE ( news_id=17 ) [ RunTime:0.0003s ]
NOTIC: [8] Undefined variable: id /Users/joe/PhpstormProjects/ks/joecms/Application/Admin/Controller/ContentController.class.php 第 177 行.
SQL: UPDATE `cms_news` SET `listorder`='0' WHERE ( news_id=29 ) [ RunTime:0.0003s ]
NOTIC: [8] Undefined variable: id /Users/joe/PhpstormProjects/ks/joecms/Application/Admin/Controller/ContentController.class.php 第 177 行.
SQL: UPDATE `cms_news` SET `listorder`='0' WHERE ( news_id=28 ) [ RunTime:0.0006s ]
NOTIC: [8] Undefined variable: id /Users/joe/PhpstormProjects/ks/joecms/Application/Admin/Controller/ContentController.class.php 第 177 行.

[ 2017-12-24T09:00:52+08:00 ] ::1 /admin.php?c=content&a=push
INFO: [ app_begin ] --START--
INFO: Run Behavior\ReadHtmlCacheBehavior [ RunTime:0.001255s ]
INFO: [ app_begin ] --END-- [ RunTime:0.002301s ]
NOTIC: [2] Declaration of Common\Model\NewsModel::find($id) should be compatible with Think\Model::find($options = Array) /Users/joe/PhpstormProjects/ks/joecms/Application/Common/Model/NewsModel.class.php 第 7 行.
SQL: SHOW COLUMNS FROM `cms_news` [ RunTime:0.0044s ]
SQL: SELECT * FROM `cms_news` WHERE `news_id` IN ('23')  [ RunTime:0.0037s ]
NOTIC: [2] Declaration of Common\Model\PositionContentModel::find($id) should be compatible with Think\Model::find($options = Array) /Users/joe/PhpstormProjects/ks/joecms/Application/Common/Model/PositionContentModel.class.php 第 66 行.
SQL: SHOW COLUMNS FROM `cms_position_content` [ RunTime:0.0040s ]
SQL: INSERT INTO `cms_position_content` (`position_id`,`title`,`thumb`,`news_id`,`status`,`create_time`) VALUES ('2','重庆美女球迷争芳斗艳','/upload/2016/03/13/56e51cbd34470.png','23','1','1457855680') [ RunTime:0.0046s ]

[ 2017-12-24T09:03:49+08:00 ] ::1 /admin.php?c=content&a=listorder
INFO: [ app_begin ] --START--
INFO: Run Behavior\ReadHtmlCacheBehavior [ RunTime:0.000752s ]
INFO: [ app_begin ] --END-- [ RunTime:0.002519s ]
NOTIC: [2] Declaration of Common\Model\NewsModel::find($id) should be compatible with Think\Model::find($options = Array) /Users/joe/PhpstormProjects/ks/joecms/Application/Common/Model/NewsModel.class.php 第 7 行.
SQL: SHOW COLUMNS FROM `cms_news` [ RunTime:0.0045s ]
SQL: UPDATE `cms_news` SET `listorder`='2' WHERE ( news_id=24 ) [ RunTime:0.0004s ]
NOTIC: [8] Undefined variable: id /Users/joe/PhpstormProjects/ks/joecms/Application/Admin/Controller/ContentController.class.php 第 177 行.
SQL: UPDATE `cms_news` SET `listorder`='1' WHERE ( news_id=23 ) [ RunTime:0.0003s ]
NOTIC: [8] Undefined variable: id /Users/joe/PhpstormProjects/ks/joecms/Application/Admin/Controller/ContentController.class.php 第 177 行.
SQL: UPDATE `cms_news` SET `listorder`='1' WHERE ( news_id=17 ) [ RunTime:0.0008s ]
NOTIC: [8] Undefined variable: id /Users/joe/PhpstormProjects/ks/joecms/Application/Admin/Controller/ContentController.class.php 第 177 行.
SQL: UPDATE `cms_news` SET `listorder`='0' WHERE ( news_id=29 ) [ RunTime:0.0004s ]
NOTIC: [8] Undefined variable: id /Users/joe/PhpstormProjects/ks/joecms/Application/Admin/Controller/ContentController.class.php 第 177 行.
SQL: UPDATE `cms_news` SET `listorder`='0' WHERE ( news_id=28 ) [ RunTime:0.0003s ]
NOTIC: [8] Undefined variable: id /Users/joe/PhpstormProjects/ks/joecms/Application/Admin/Controller/ContentController.class.php 第 177 行.

[ 2017-12-24T09:04:01+08:00 ] ::1 /admin.php?c=content&a=listorder
INFO: [ app_begin ] --START--
INFO: Run Behavior\ReadHtmlCacheBehavior [ RunTime:0.000604s ]
INFO: [ app_begin ] --END-- [ RunTime:0.001178s ]
NOTIC: [2] Declaration of Common\Model\NewsModel::find($id) should be compatible with Think\Model::find($options = Array) /Users/joe/PhpstormProjects/ks/joecms/Application/Common/Model/NewsModel.class.php 第 7 行.
SQL: SHOW COLUMNS FROM `cms_news` [ RunTime:0.0042s ]
SQL: UPDATE `cms_news` SET `listorder`='2' WHERE ( news_id=24 ) [ RunTime:0.0004s ]
NOTIC: [8] Undefined variable: id /Users/joe/PhpstormProjects/ks/joecms/Application/Admin/Controller/ContentController.class.php 第 177 行.
SQL: UPDATE `cms_news` SET `listorder`='1' WHERE ( news_id=23 ) [ RunTime:0.0003s ]
NOTIC: [8] Undefined variable: id /Users/joe/PhpstormProjects/ks/joecms/Application/Admin/Controller/ContentController.class.php 第 177 行.
SQL: UPDATE `cms_news` SET `listorder`='1' WHERE ( news_id=17 ) [ RunTime:0.0012s ]
NOTIC: [8] Undefined variable: id /Users/joe/PhpstormProjects/ks/joecms/Application/Admin/Controller/ContentController.class.php 第 177 行.
SQL: UPDATE `cms_news` SET `listorder`='1' WHERE ( news_id=29 ) [ RunTime:0.0018s ]
NOTIC: [8] Undefined variable: id /Users/joe/PhpstormProjects/ks/joecms/Application/Admin/Controller/ContentController.class.php 第 177 行.
SQL: UPDATE `cms_news` SET `listorder`='0' WHERE ( news_id=28 ) [ RunTime:0.0007s ]
NOTIC: [8] Undefined variable: id /Users/joe/PhpstormProjects/ks/joecms/Application/Admin/Controller/ContentController.class.php 第 177 行.

[ 2017-12-24T09:04:07+08:00 ] ::1 /admin.php?c=content&a=listorder
INFO: [ app_begin ] --START--
INFO: Run Behavior\ReadHtmlCacheBehavior [ RunTime:0.000741s ]
INFO: [ app_begin ] --END-- [ RunTime:0.001315s ]
NOTIC: [2] Declaration of Common\Model\NewsModel::find($id) should be compatible with Think\Model::find($options = Array) /Users/joe/PhpstormProjects/ks/joecms/Application/Common/Model/NewsModel.class.php 第 7 行.
SQL: SHOW COLUMNS FROM `cms_news` [ RunTime:0.0061s ]
SQL: UPDATE `cms_news` SET `listorder`='2' WHERE ( news_id=24 ) [ RunTime:0.0005s ]
NOTIC: [8] Undefined variable: id /Users/joe/PhpstormProjects/ks/joecms/Application/Admin/Controller/ContentController.class.php 第 177 行.
SQL: UPDATE `cms_news` SET `listorder`='1' WHERE ( news_id=29 ) [ RunTime:0.0004s ]
NOTIC: [8] Undefined variable: id /Users/joe/PhpstormProjects/ks/joecms/Application/Admin/Controller/ContentController.class.php 第 177 行.
SQL: UPDATE `cms_news` SET `listorder`='1' WHERE ( news_id=23 ) [ RunTime:0.0004s ]
NOTIC: [8] Undefined variable: id /Users/joe/PhpstormProjects/ks/joecms/Application/Admin/Controller/ContentController.class.php 第 177 行.
SQL: UPDATE `cms_news` SET `listorder`='1' WHERE ( news_id=17 ) [ RunTime:0.0008s ]
NOTIC: [8] Undefined variable: id /Users/joe/PhpstormProjects/ks/joecms/Application/Admin/Controller/ContentController.class.php 第 177 行.
SQL: UPDATE `cms_news` SET `listorder`='0' WHERE ( news_id=28 ) [ RunTime:0.0004s ]
NOTIC: [8] Undefined variable: id /Users/joe/PhpstormProjects/ks/joecms/Application/Admin/Controller/ContentController.class.php 第 177 行.

[ 2017-12-24T09:06:06+08:00 ] ::1 /admin.php?c=content&a=listorder
INFO: [ app_begin ] --START--
INFO: Run Behavior\ReadHtmlCacheBehavior [ RunTime:0.000887s ]
INFO: [ app_begin ] --END-- [ RunTime:0.001449s ]
NOTIC: [2] Declaration of Common\Model\NewsModel::find($id) should be compatible with Think\Model::find($options = Array) /Users/joe/PhpstormProjects/ks/joecms/Application/Common/Model/NewsModel.class.php 第 7 行.
SQL: SHOW COLUMNS FROM `cms_news` [ RunTime:0.0044s ]
SQL: UPDATE `cms_news` SET `listorder`='2' WHERE ( news_id=24 ) [ RunTime:0.0004s ]
NOTIC: [8] Undefined variable: id /Users/joe/PhpstormProjects/ks/joecms/Application/Admin/Controller/ContentController.class.php 第 177 行.
SQL: UPDATE `cms_news` SET `listorder`='1' WHERE ( news_id=29 ) [ RunTime:0.0006s ]
NOTIC: [8] Undefined variable: id /Users/joe/PhpstormProjects/ks/joecms/Application/Admin/Controller/ContentController.class.php 第 177 行.
SQL: UPDATE `cms_news` SET `listorder`='1' WHERE ( news_id=23 ) [ RunTime:0.0005s ]
NOTIC: [8] Undefined variable: id /Users/joe/PhpstormProjects/ks/joecms/Application/Admin/Controller/ContentController.class.php 第 177 行.
SQL: UPDATE `cms_news` SET `listorder`='1' WHERE ( news_id=17 ) [ RunTime:0.0003s ]
NOTIC: [8] Undefined variable: id /Users/joe/PhpstormProjects/ks/joecms/Application/Admin/Controller/ContentController.class.php 第 177 行.
SQL: UPDATE `cms_news` SET `listorder`='0' WHERE ( news_id=28 ) [ RunTime:0.0003s ]
NOTIC: [8] Undefined variable: id /Users/joe/PhpstormProjects/ks/joecms/Application/Admin/Controller/ContentController.class.php 第 177 行.

[ 2017-12-24T09:06:19+08:00 ] ::1 /admin.php?c=content&a=listorder
INFO: [ app_begin ] --START--
INFO: Run Behavior\ReadHtmlCacheBehavior [ RunTime:0.000621s ]
INFO: [ app_begin ] --END-- [ RunTime:0.001293s ]
NOTIC: [2] Declaration of Common\Model\NewsModel::find($id) should be compatible with Think\Model::find($options = Array) /Users/joe/PhpstormProjects/ks/joecms/Application/Common/Model/NewsModel.class.php 第 7 行.
SQL: SHOW COLUMNS FROM `cms_news` [ RunTime:0.0042s ]
SQL: UPDATE `cms_news` SET `listorder`='2' WHERE ( news_id=24 ) [ RunTime:0.0004s ]
NOTIC: [8] Undefined variable: id /Users/joe/PhpstormProjects/ks/joecms/Application/Admin/Controller/ContentController.class.php 第 177 行.
SQL: UPDATE `cms_news` SET `listorder`='1' WHERE ( news_id=29 ) [ RunTime:0.0003s ]
NOTIC: [8] Undefined variable: id /Users/joe/PhpstormProjects/ks/joecms/Application/Admin/Controller/ContentController.class.php 第 177 行.
SQL: UPDATE `cms_news` SET `listorder`='1' WHERE ( news_id=23 ) [ RunTime:0.0004s ]
NOTIC: [8] Undefined variable: id /Users/joe/PhpstormProjects/ks/joecms/Application/Admin/Controller/ContentController.class.php 第 177 行.
SQL: UPDATE `cms_news` SET `listorder`='1' WHERE ( news_id=17 ) [ RunTime:0.0005s ]
NOTIC: [8] Undefined variable: id /Users/joe/PhpstormProjects/ks/joecms/Application/Admin/Controller/ContentController.class.php 第 177 行.
SQL: UPDATE `cms_news` SET `listorder`='0' WHERE ( news_id=28 ) [ RunTime:0.0003s ]
NOTIC: [8] Undefined variable: id /Users/joe/PhpstormProjects/ks/joecms/Application/Admin/Controller/ContentController.class.php 第 177 行.

[ 2017-12-24T10:16:00+08:00 ] ::1 /admin.php?c=position&a=edit&id=2
ERR: 非法操作:edit

[ 2017-12-24T10:38:54+08:00 ] ::1 /admin.php?c=positioncontent&a=listorder
INFO: [ app_begin ] --START--
INFO: Run Behavior\ReadHtmlCacheBehavior [ RunTime:0.000920s ]
INFO: [ app_begin ] --END-- [ RunTime:0.001514s ]
ERR: 非法操作:listorder

[ 2017-12-24T10:38:55+08:00 ] ::1 /admin.php?c=positioncontent&a=listorder
INFO: [ app_begin ] --START--
INFO: Run Behavior\ReadHtmlCacheBehavior [ RunTime:0.000637s ]
INFO: [ app_begin ] --END-- [ RunTime:0.001088s ]
ERR: 非法操作:listorder

[ 2017-12-24T10:38:56+08:00 ] ::1 /admin.php?c=positioncontent&a=listorder
INFO: [ app_begin ] --START--
INFO: Run Behavior\ReadHtmlCacheBehavior [ RunTime:0.000961s ]
INFO: [ app_begin ] --END-- [ RunTime:0.001676s ]
ERR: 非法操作:listorder

[ 2017-12-24T10:38:56+08:00 ] ::1 /admin.php?c=positioncontent&a=listorder
INFO: [ app_begin ] --START--
INFO: Run Behavior\ReadHtmlCacheBehavior [ RunTime:0.001209s ]
INFO: [ app_begin ] --END-- [ RunTime:0.004910s ]
ERR: 非法操作:listorder

[ 2017-12-24T10:50:29+08:00 ] ::1 /admin.php?c=content&a=listorder
INFO: [ app_begin ] --START--
INFO: Run Behavior\ReadHtmlCacheBehavior [ RunTime:0.000495s ]
INFO: [ app_begin ] --END-- [ RunTime:0.000893s ]
NOTIC: [2] Declaration of Common\Model\NewsModel::find($id) should be compatible with Think\Model::find($options = Array) /Users/joe/PhpstormProjects/ks/joecms/Application/Common/Model/NewsModel.class.php 第 7 行.
SQL: SHOW COLUMNS FROM `cms_news` [ RunTime:0.0041s ]
SQL: UPDATE `cms_news` SET `listorder`='2' WHERE ( news_id=24 ) [ RunTime:0.0006s ]
SQL: UPDATE `cms_news` SET `listorder`='1' WHERE ( news_id=29 ) [ RunTime:0.0003s ]
SQL: UPDATE `cms_news` SET `listorder`='1' WHERE ( news_id=23 ) [ RunTime:0.0003s ]
SQL: UPDATE `cms_news` SET `listorder`='1' WHERE ( news_id=17 ) [ RunTime:0.0002s ]
SQL: UPDATE `cms_news` SET `listorder`='0' WHERE ( news_id=28 ) [ RunTime:0.0003s ]

[ 2017-12-24T10:58:45+08:00 ] ::1 /admin.php?c=content&a=push
INFO: [ app_begin ] --START--
INFO: Run Behavior\ReadHtmlCacheBehavior [ RunTime:0.001031s ]
INFO: [ app_begin ] --END-- [ RunTime:0.001936s ]

[ 2017-12-24T11:06:18+08:00 ] ::1 /admin.php?c=content&a=listorder
INFO: [ app_begin ] --START--
INFO: Run Behavior\ReadHtmlCacheBehavior [ RunTime:0.001981s ]
INFO: [ app_begin ] --END-- [ RunTime:0.002901s ]
NOTIC: [2] Declaration of Common\Model\NewsModel::find($id) should be compatible with Think\Model::find($options = Array) /Users/joe/PhpstormProjects/ks/joecms/Application/Common/Model/NewsModel.class.php 第 7 行.
SQL: SHOW COLUMNS FROM `cms_news` [ RunTime:0.0058s ]
SQL: UPDATE `cms_news` SET `listorder`='2' WHERE ( news_id=24 ) [ RunTime:0.0005s ]
SQL: UPDATE `cms_news` SET `listorder`='1' WHERE ( news_id=29 ) [ RunTime:0.0003s ]
SQL: UPDATE `cms_news` SET `listorder`='1' WHERE ( news_id=23 ) [ RunTime:0.0003s ]
SQL: UPDATE `cms_news` SET `listorder`='1' WHERE ( news_id=17 ) [ RunTime:0.0002s ]
SQL: UPDATE `cms_news` SET `listorder`='0' WHERE ( news_id=28 ) [ RunTime:0.0002s ]

[ 2017-12-24T11:06:26+08:00 ] ::1 /admin.php?c=content&a=push
INFO: [ app_begin ] --START--
INFO: Run Behavior\ReadHtmlCacheBehavior [ RunTime:0.000597s ]
INFO: [ app_begin ] --END-- [ RunTime:0.001184s ]
NOTIC: [2] Declaration of Common\Model\NewsModel::find($id) should be compatible with Think\Model::find($options = Array) /Users/joe/PhpstormProjects/ks/joecms/Application/Common/Model/NewsModel.class.php 第 7 行.
SQL: SHOW COLUMNS FROM `cms_news` [ RunTime:0.0038s ]
SQL: SELECT * FROM `cms_news` WHERE `news_id` IN ('17','28')  [ RunTime:0.0029s ]
NOTIC: [2] Declaration of Common\Model\PositionContentModel::find($id) should be compatible with Think\Model::find($options = Array) /Users/joe/PhpstormProjects/ks/joecms/Application/Common/Model/PositionContentModel.class.php 第 66 行.
SQL: SHOW COLUMNS FROM `cms_position_content` [ RunTime:0.0041s ]
SQL: INSERT INTO `cms_position_content` (`position_id`,`title`,`thumb`,`news_id`,`status`,`create_time`) VALUES ('3','test','/upload/2016/03/06/56dbdc0c483af.JPG','17','1','1455756856') [ RunTime:0.0015s ]
SQL: INSERT INTO `cms_position_content` (`position_id`,`title`,`thumb`,`news_id`,`status`,`create_time`) VALUES ('3','test2222','/upload/2017/12/21/5a3bbb0e81832.jpg','28','1','1513858788') [ RunTime:0.0004s ]

[ 2017-12-24T11:09:47+08:00 ] ::1 /admin.php?c=positioncontent&a=setStatus
INFO: [ app_begin ] --START--
INFO: Run Behavior\ReadHtmlCacheBehavior [ RunTime:0.001725s ]
INFO: [ app_begin ] --END-- [ RunTime:0.002402s ]
ERR: 非法操作:setStatus

[ 2017-12-24T11:14:08+08:00 ] ::1 /admin.php?c=positioncontent&a=edit
ERR: 1064:You have an error in your SQL syntax; check the manual that corresponds to your MySQL server version for the right syntax to use near ') LIMIT 1' at line 1
 [ SQL语句 ] : SELECT * FROM `cms_position_content` WHERE ( id= ) LIMIT 1  

[ 2017-12-24T16:16:33+08:00 ] ::1 /admin.php?c=positioncontent&a=listorder
INFO: [ app_begin ] --START--
INFO: Run Behavior\ReadHtmlCacheBehavior [ RunTime:0.000616s ]
INFO: [ app_begin ] --END-- [ RunTime:0.001179s ]
ERR: 非法操作:listorder

[ 2017-12-24T16:17:36+08:00 ] ::1 /admin.php?c=menu&a=listorder
INFO: [ app_begin ] --START--
INFO: Run Behavior\ReadHtmlCacheBehavior [ RunTime:0.000550s ]
INFO: [ app_begin ] --END-- [ RunTime:0.001084s ]
NOTIC: [2] Declaration of Admin\Controller\MenuController::setStatus() should be compatible with Admin\Controller\CommonController::setStatus($data, $models) /Users/joe/PhpstormProjects/ks/joecms/Application/Admin/Controller/MenuController.class.php 第 11 行.
NOTIC: [2] Declaration of Admin\Controller\MenuController::listorder() should be compatible with Admin\Controller\CommonController::listorder($model = '') /Users/joe/PhpstormProjects/ks/joecms/Application/Admin/Controller/MenuController.class.php 第 11 行.
NOTIC: [2] Declaration of Common\Model\MenuModel::find($id) should be compatible with Think\Model::find($options = Array) /Users/joe/PhpstormProjects/ks/joecms/Application/Common/Model/MenuModel.class.php 第 4 行.
SQL: SHOW COLUMNS FROM `cms_menu` [ RunTime:0.0041s ]
SQL: UPDATE `cms_menu` SET `listorder`='9' WHERE ( menu_id=6 ) [ RunTime:0.0206s ]
SQL: UPDATE `cms_menu` SET `listorder`='4' WHERE ( menu_id=9 ) [ RunTime:0.0003s ]
SQL: UPDATE `cms_menu` SET `listorder`='3' WHERE ( menu_id=3 ) [ RunTime:0.0003s ]

[ 2017-12-24T16:17:50+08:00 ] ::1 /admin.php?c=menu&a=listorder
INFO: [ app_begin ] --START--
INFO: Run Behavior\ReadHtmlCacheBehavior [ RunTime:0.000669s ]
INFO: [ app_begin ] --END-- [ RunTime:0.001242s ]
NOTIC: [2] Declaration of Admin\Controller\MenuController::setStatus() should be compatible with Admin\Controller\CommonController::setStatus($data, $models) /Users/joe/PhpstormProjects/ks/joecms/Application/Admin/Controller/MenuController.class.php 第 11 行.
NOTIC: [2] Declaration of Admin\Controller\MenuController::listorder() should be compatible with Admin\Controller\CommonController::listorder($model = '') /Users/joe/PhpstormProjects/ks/joecms/Application/Admin/Controller/MenuController.class.php 第 11 行.
NOTIC: [2] Declaration of Common\Model\MenuModel::find($id) should be compatible with Think\Model::find($options = Array) /Users/joe/PhpstormProjects/ks/joecms/Application/Common/Model/MenuModel.class.php 第 4 行.
SQL: SHOW COLUMNS FROM `cms_menu` [ RunTime:0.0041s ]
SQL: UPDATE `cms_menu` SET `listorder`='9' WHERE ( menu_id=6 ) [ RunTime:0.0005s ]
SQL: UPDATE `cms_menu` SET `listorder`='4' WHERE ( menu_id=9 ) [ RunTime:0.0004s ]
SQL: UPDATE `cms_menu` SET `listorder`='3' WHERE ( menu_id=3 ) [ RunTime:0.0003s ]

[ 2017-12-24T21:55:59+08:00 ] ::1 /admin.php?c=positioncontent&a=setStatus
INFO: [ app_begin ] --START--
INFO: Run Behavior\ReadHtmlCacheBehavior [ RunTime:0.000497s ]
INFO: [ app_begin ] --END-- [ RunTime:0.000950s ]
ERR: 非法操作:setStatus

[ 2017-12-24T22:01:38+08:00 ] ::1 /admin.php?c=positioncontent&a=setStatus
INFO: [ app_begin ] --START--
INFO: Run Behavior\ReadHtmlCacheBehavior [ RunTime:0.001856s ]
INFO: [ app_begin ] --END-- [ RunTime:0.002758s ]
NOTIC: [2] Declaration of Admin\Controller\PositioncontentController::setStatus() should be compatible with Admin\Controller\CommonController::setStatus($data, $models) /Users/joe/PhpstormProjects/ks/joecms/Application/Admin/Controller/PositioncontentController.class.php 第 17 行.
NOTIC: [2] Declaration of Admin\Controller\PositioncontentController::listorder() should be compatible with Admin\Controller\CommonController::listorder($model = '') /Users/joe/PhpstormProjects/ks/joecms/Application/Admin/Controller/PositioncontentController.class.php 第 17 行.
ERR: 1146:Table 'singcms.cms_models' doesn't exist
 [ SQL语句 ] : SHOW COLUMNS FROM `cms_models`
ERR: 1146:Table 'singcms.cms_models' doesn't exist
 [ SQL语句 ] : SHOW COLUMNS FROM `cms_models`

[ 2017-12-24T22:01:44+08:00 ] ::1 /admin.php?c=positioncontent&a=listorder
INFO: [ app_begin ] --START--
INFO: Run Behavior\ReadHtmlCacheBehavior [ RunTime:0.000652s ]
INFO: [ app_begin ] --END-- [ RunTime:0.001289s ]
NOTIC: [2] Declaration of Admin\Controller\PositioncontentController::setStatus() should be compatible with Admin\Controller\CommonController::setStatus($data, $models) /Users/joe/PhpstormProjects/ks/joecms/Application/Admin/Controller/PositioncontentController.class.php 第 17 行.
NOTIC: [2] Declaration of Admin\Controller\PositioncontentController::listorder() should be compatible with Admin\Controller\CommonController::listorder($model = '') /Users/joe/PhpstormProjects/ks/joecms/Application/Admin/Controller/PositioncontentController.class.php 第 17 行.
NOTIC: [2] Declaration of Common\Model\PositionContentModel::find($id) should be compatible with Think\Model::find($options = Array) /Users/joe/PhpstormProjects/ks/joecms/Application/Common/Model/PositionContentModel.class.php 第 10 行.
SQL: SHOW COLUMNS FROM `cms_position_content` [ RunTime:0.0062s ]
NOTIC: 建议使用E方法替代throw_exception

[ 2017-12-24T22:01:55+08:00 ] ::1 /admin.php?c=content&a=listorder
INFO: [ app_begin ] --START--
INFO: Run Behavior\ReadHtmlCacheBehavior [ RunTime:0.000720s ]
INFO: [ app_begin ] --END-- [ RunTime:0.001376s ]
NOTIC: [2] Declaration of Admin\Controller\ContentController::setStatus() should be compatible with Admin\Controller\CommonController::setStatus($data, $models) /Users/joe/PhpstormProjects/ks/joecms/Application/Admin/Controller/ContentController.class.php 第 16 行.
NOTIC: [2] Declaration of Admin\Controller\ContentController::listorder() should be compatible with Admin\Controller\CommonController::listorder($model = '') /Users/joe/PhpstormProjects/ks/joecms/Application/Admin/Controller/ContentController.class.php 第 16 行.
NOTIC: [2] Declaration of Common\Model\NewsModel::find($id) should be compatible with Think\Model::find($options = Array) /Users/joe/PhpstormProjects/ks/joecms/Application/Common/Model/NewsModel.class.php 第 7 行.
SQL: SHOW COLUMNS FROM `cms_news` [ RunTime:0.0040s ]
SQL: UPDATE `cms_news` SET `listorder`='2' WHERE ( news_id=24 ) [ RunTime:0.0213s ]
SQL: UPDATE `cms_news` SET `listorder`='1' WHERE ( news_id=29 ) [ RunTime:0.0003s ]
SQL: UPDATE `cms_news` SET `listorder`='1' WHERE ( news_id=23 ) [ RunTime:0.0003s ]
SQL: UPDATE `cms_news` SET `listorder`='1' WHERE ( news_id=17 ) [ RunTime:0.0002s ]
SQL: UPDATE `cms_news` SET `listorder`='0' WHERE ( news_id=28 ) [ RunTime:0.0003s ]

[ 2017-12-24T22:02:03+08:00 ] ::1 /admin.php?c=positioncontent&a=listorder
INFO: [ app_begin ] --START--
INFO: Run Behavior\ReadHtmlCacheBehavior [ RunTime:0.000665s ]
INFO: [ app_begin ] --END-- [ RunTime:0.001111s ]
NOTIC: [2] Declaration of Admin\Controller\PositioncontentController::setStatus() should be compatible with Admin\Controller\CommonController::setStatus($data, $models) /Users/joe/PhpstormProjects/ks/joecms/Application/Admin/Controller/PositioncontentController.class.php 第 17 行.
NOTIC: [2] Declaration of Admin\Controller\PositioncontentController::listorder() should be compatible with Admin\Controller\CommonController::listorder($model = '') /Users/joe/PhpstormProjects/ks/joecms/Application/Admin/Controller/PositioncontentController.class.php 第 17 行.
NOTIC: [2] Declaration of Common\Model\PositionContentModel::find($id) should be compatible with Think\Model::find($options = Array) /Users/joe/PhpstormProjects/ks/joecms/Application/Common/Model/PositionContentModel.class.php 第 10 行.
SQL: SHOW COLUMNS FROM `cms_position_content` [ RunTime:0.0040s ]
NOTIC: 建议使用E方法替代throw_exception

[ 2017-12-24T22:02:11+08:00 ] ::1 /admin.php?c=positioncontent&a=listorder
INFO: [ app_begin ] --START--
INFO: Run Behavior\ReadHtmlCacheBehavior [ RunTime:0.001137s ]
INFO: [ app_begin ] --END-- [ RunTime:0.003300s ]
NOTIC: [2] Declaration of Admin\Controller\PositioncontentController::setStatus() should be compatible with Admin\Controller\CommonController::setStatus($data, $models) /Users/joe/PhpstormProjects/ks/joecms/Application/Admin/Controller/PositioncontentController.class.php 第 17 行.
NOTIC: [2] Declaration of Admin\Controller\PositioncontentController::listorder() should be compatible with Admin\Controller\CommonController::listorder($model = '') /Users/joe/PhpstormProjects/ks/joecms/Application/Admin/Controller/PositioncontentController.class.php 第 17 行.
NOTIC: [2] Declaration of Common\Model\PositionContentModel::find($id) should be compatible with Think\Model::find($options = Array) /Users/joe/PhpstormProjects/ks/joecms/Application/Common/Model/PositionContentModel.class.php 第 10 行.
SQL: SHOW COLUMNS FROM `cms_position_content` [ RunTime:0.0042s ]
NOTIC: 建议使用E方法替代throw_exception

[ 2017-12-24T22:02:16+08:00 ] ::1 /admin.php?c=positioncontent&a=listorder
INFO: [ app_begin ] --START--
INFO: Run Behavior\ReadHtmlCacheBehavior [ RunTime:0.000674s ]
INFO: [ app_begin ] --END-- [ RunTime:0.001214s ]
NOTIC: [2] Declaration of Admin\Controller\PositioncontentController::setStatus() should be compatible with Admin\Controller\CommonController::setStatus($data, $models) /Users/joe/PhpstormProjects/ks/joecms/Application/Admin/Controller/PositioncontentController.class.php 第 17 行.
NOTIC: [2] Declaration of Admin\Controller\PositioncontentController::listorder() should be compatible with Admin\Controller\CommonController::listorder($model = '') /Users/joe/PhpstormProjects/ks/joecms/Application/Admin/Controller/PositioncontentController.class.php 第 17 行.
NOTIC: [2] Declaration of Common\Model\PositionContentModel::find($id) should be compatible with Think\Model::find($options = Array) /Users/joe/PhpstormProjects/ks/joecms/Application/Common/Model/PositionContentModel.class.php 第 10 行.
SQL: SHOW COLUMNS FROM `cms_position_content` [ RunTime:0.0057s ]
NOTIC: 建议使用E方法替代throw_exception

[ 2017-12-24T22:03:09+08:00 ] ::1 /admin.php?c=positioncontent&a=setStatus
INFO: [ app_begin ] --START--
INFO: Run Behavior\ReadHtmlCacheBehavior [ RunTime:0.000679s ]
INFO: [ app_begin ] --END-- [ RunTime:0.001337s ]
NOTIC: [2] Declaration of Admin\Controller\PositioncontentController::setStatus() should be compatible with Admin\Controller\CommonController::setStatus($data, $models) /Users/joe/PhpstormProjects/ks/joecms/Application/Admin/Controller/PositioncontentController.class.php 第 17 行.
NOTIC: [2] Declaration of Admin\Controller\PositioncontentController::listorder() should be compatible with Admin\Controller\CommonController::listorder($model = '') /Users/joe/PhpstormProjects/ks/joecms/Application/Admin/Controller/PositioncontentController.class.php 第 17 行.
ERR: 1146:Table 'singcms.cms_models' doesn't exist
 [ SQL语句 ] : SHOW COLUMNS FROM `cms_models`
ERR: 1146:Table 'singcms.cms_models' doesn't exist
 [ SQL语句 ] : SHOW COLUMNS FROM `cms_models`

[ 2017-12-24T22:14:53+08:00 ] ::1 /admin.php?c=positioncontent&a=setStatus
INFO: [ app_begin ] --START--
INFO: Run Behavior\ReadHtmlCacheBehavior [ RunTime:0.000674s ]
INFO: [ app_begin ] --END-- [ RunTime:0.001156s ]
NOTIC: [2] Declaration of Admin\Controller\PositioncontentController::setStatus() should be compatible with Admin\Controller\CommonController::setStatus($data, $models) /Users/joe/PhpstormProjects/ks/joecms/Application/Admin/Controller/PositioncontentController.class.php 第 17 行.
NOTIC: [2] Declaration of Admin\Controller\PositioncontentController::listorder() should be compatible with Admin\Controller\CommonController::listorder($model = '') /Users/joe/PhpstormProjects/ks/joecms/Application/Admin/Controller/PositioncontentController.class.php 第 17 行.
ERR: 1146:Table 'singcms.cms_models' doesn't exist
 [ SQL语句 ] : SHOW COLUMNS FROM `cms_models`
ERR: 1146:Table 'singcms.cms_models' doesn't exist
 [ SQL语句 ] : SHOW COLUMNS FROM `cms_models`

[ 2017-12-24T22:14:57+08:00 ] ::1 /admin.php?c=positioncontent&a=setStatus
INFO: [ app_begin ] --START--
INFO: Run Behavior\ReadHtmlCacheBehavior [ RunTime:0.000649s ]
INFO: [ app_begin ] --END-- [ RunTime:0.001141s ]
NOTIC: [2] Declaration of Admin\Controller\PositioncontentController::setStatus() should be compatible with Admin\Controller\CommonController::setStatus($data, $models) /Users/joe/PhpstormProjects/ks/joecms/Application/Admin/Controller/PositioncontentController.class.php 第 17 行.
NOTIC: [2] Declaration of Admin\Controller\PositioncontentController::listorder() should be compatible with Admin\Controller\CommonController::listorder($model = '') /Users/joe/PhpstormProjects/ks/joecms/Application/Admin/Controller/PositioncontentController.class.php 第 17 行.
ERR: 1146:Table 'singcms.cms_models' doesn't exist
 [ SQL语句 ] : SHOW COLUMNS FROM `cms_models`
ERR: 1146:Table 'singcms.cms_models' doesn't exist
 [ SQL语句 ] : SHOW COLUMNS FROM `cms_models`

[ 2017-12-24T22:15:22+08:00 ] ::1 /admin.php?c=positioncontent&a=listorder
INFO: [ app_begin ] --START--
INFO: Run Behavior\ReadHtmlCacheBehavior [ RunTime:0.000736s ]
INFO: [ app_begin ] --END-- [ RunTime:0.001348s ]
NOTIC: [2] Declaration of Admin\Controller\PositioncontentController::setStatus() should be compatible with Admin\Controller\CommonController::setStatus($data, $models) /Users/joe/PhpstormProjects/ks/joecms/Application/Admin/Controller/PositioncontentController.class.php 第 17 行.
NOTIC: [2] Declaration of Admin\Controller\PositioncontentController::listorder() should be compatible with Admin\Controller\CommonController::listorder($model = '') /Users/joe/PhpstormProjects/ks/joecms/Application/Admin/Controller/PositioncontentController.class.php 第 17 行.
NOTIC: [2] Declaration of Common\Model\PositionContentModel::find($id) should be compatible with Think\Model::find($options = Array) /Users/joe/PhpstormProjects/ks/joecms/Application/Common/Model/PositionContentModel.class.php 第 10 行.
SQL: SHOW COLUMNS FROM `cms_position_content` [ RunTime:0.0039s ]
NOTIC: 建议使用E方法替代throw_exception

[ 2017-12-24T22:29:25+08:00 ] ::1 /admin.php?c=positioncontent&a=setStatus
INFO: [ app_begin ] --START--
INFO: Run Behavior\ReadHtmlCacheBehavior [ RunTime:0.000677s ]
INFO: [ app_begin ] --END-- [ RunTime:0.001227s ]
NOTIC: [2] Declaration of Admin\Controller\PositioncontentController::setStatus() should be compatible with Admin\Controller\CommonController::setStatus($data, $models) /Users/joe/PhpstormProjects/ks/joecms/Application/Admin/Controller/PositioncontentController.class.php 第 17 行.
NOTIC: [2] Declaration of Admin\Controller\PositioncontentController::listorder() should be compatible with Admin\Controller\CommonController::listorder($model = '') /Users/joe/PhpstormProjects/ks/joecms/Application/Admin/Controller/PositioncontentController.class.php 第 17 行.
ERR: 1146:Table 'singcms.cms_models' doesn't exist
 [ SQL语句 ] : SHOW COLUMNS FROM `cms_models`
ERR: 1146:Table 'singcms.cms_models' doesn't exist
 [ SQL语句 ] : SHOW COLUMNS FROM `cms_models`

[ 2017-12-24T22:33:04+08:00 ] ::1 /admin.php?c=positioncontent&a=setStatus
INFO: [ app_begin ] --START--
INFO: Run Behavior\ReadHtmlCacheBehavior [ RunTime:0.000705s ]
INFO: [ app_begin ] --END-- [ RunTime:0.001263s ]
NOTIC: [2] Declaration of Admin\Controller\PositioncontentController::setStatus() should be compatible with Admin\Controller\CommonController::setStatus($data, $models) /Users/joe/PhpstormProjects/ks/joecms/Application/Admin/Controller/PositioncontentController.class.php 第 17 行.
NOTIC: [2] Declaration of Admin\Controller\PositioncontentController::listorder() should be compatible with Admin\Controller\CommonController::listorder($model = '') /Users/joe/PhpstormProjects/ks/joecms/Application/Admin/Controller/PositioncontentController.class.php 第 17 行.
NOTIC: [2] Declaration of Common\Model\PositionContentModel::find($id) should be compatible with Think\Model::find($options = Array) /Users/joe/PhpstormProjects/ks/joecms/Application/Common/Model/PositionContentModel.class.php 第 10 行.
SQL: SHOW COLUMNS FROM `cms_position_content` [ RunTime:0.0041s ]
SQL: UPDATE `cms_position_content` SET `status`='-1' WHERE ( id=36 ) [ RunTime:0.0035s ]

[ 2017-12-24T22:33:52+08:00 ] ::1 /admin.php?c=positioncontent&a=setStatus
INFO: [ app_begin ] --START--
INFO: Run Behavior\ReadHtmlCacheBehavior [ RunTime:0.000711s ]
INFO: [ app_begin ] --END-- [ RunTime:0.001277s ]
NOTIC: [2] Declaration of Admin\Controller\PositioncontentController::setStatus() should be compatible with Admin\Controller\CommonController::setStatus($data, $models) /Users/joe/PhpstormProjects/ks/joecms/Application/Admin/Controller/PositioncontentController.class.php 第 17 行.
NOTIC: [2] Declaration of Admin\Controller\PositioncontentController::listorder() should be compatible with Admin\Controller\CommonController::listorder($model = '') /Users/joe/PhpstormProjects/ks/joecms/Application/Admin/Controller/PositioncontentController.class.php 第 17 行.
NOTIC: [2] Declaration of Common\Model\PositionContentModel::find($id) should be compatible with Think\Model::find($options = Array) /Users/joe/PhpstormProjects/ks/joecms/Application/Common/Model/PositionContentModel.class.php 第 10 行.
SQL: SHOW COLUMNS FROM `cms_position_content` [ RunTime:0.0040s ]
SQL: UPDATE `cms_position_content` SET `status`='0' WHERE ( id=37 ) [ RunTime:0.0015s ]

[ 2017-12-24T22:33:56+08:00 ] ::1 /admin.php?c=positioncontent&a=setStatus
INFO: [ app_begin ] --START--
INFO: Run Behavior\ReadHtmlCacheBehavior [ RunTime:0.000842s ]
INFO: [ app_begin ] --END-- [ RunTime:0.001754s ]
NOTIC: [2] Declaration of Admin\Controller\PositioncontentController::setStatus() should be compatible with Admin\Controller\CommonController::setStatus($data, $models) /Users/joe/PhpstormProjects/ks/joecms/Application/Admin/Controller/PositioncontentController.class.php 第 17 行.
NOTIC: [2] Declaration of Admin\Controller\PositioncontentController::listorder() should be compatible with Admin\Controller\CommonController::listorder($model = '') /Users/joe/PhpstormProjects/ks/joecms/Application/Admin/Controller/PositioncontentController.class.php 第 17 行.
NOTIC: [2] Declaration of Common\Model\PositionContentModel::find($id) should be compatible with Think\Model::find($options = Array) /Users/joe/PhpstormProjects/ks/joecms/Application/Common/Model/PositionContentModel.class.php 第 10 行.
SQL: SHOW COLUMNS FROM `cms_position_content` [ RunTime:0.0043s ]
SQL: UPDATE `cms_position_content` SET `status`='1' WHERE ( id=37 ) [ RunTime:0.0006s ]

[ 2017-12-24T22:33:59+08:00 ] ::1 /admin.php?c=positioncontent&a=listorder
INFO: [ app_begin ] --START--
INFO: Run Behavior\ReadHtmlCacheBehavior [ RunTime:0.000704s ]
INFO: [ app_begin ] --END-- [ RunTime:0.001150s ]
NOTIC: [2] Declaration of Admin\Controller\PositioncontentController::setStatus() should be compatible with Admin\Controller\CommonController::setStatus($data, $models) /Users/joe/PhpstormProjects/ks/joecms/Application/Admin/Controller/PositioncontentController.class.php 第 17 行.
NOTIC: [2] Declaration of Admin\Controller\PositioncontentController::listorder() should be compatible with Admin\Controller\CommonController::listorder($model = '') /Users/joe/PhpstormProjects/ks/joecms/Application/Admin/Controller/PositioncontentController.class.php 第 17 行.
NOTIC: [2] Declaration of Common\Model\PositionContentModel::find($id) should be compatible with Think\Model::find($options = Array) /Users/joe/PhpstormProjects/ks/joecms/Application/Common/Model/PositionContentModel.class.php 第 10 行.
SQL: SHOW COLUMNS FROM `cms_position_content` [ RunTime:0.0046s ]
NOTIC: 建议使用E方法替代throw_exception

[ 2017-12-24T22:48:34+08:00 ] ::1 /admin.php?c=positioncontent&a=setStatus
INFO: [ app_begin ] --START--
INFO: Run Behavior\ReadHtmlCacheBehavior [ RunTime:0.001757s ]
INFO: [ app_begin ] --END-- [ RunTime:0.002621s ]
NOTIC: [2] Declaration of Admin\Controller\PositioncontentController::setStatus() should be compatible with Admin\Controller\CommonController::setStatus($data, $models) /Users/joe/PhpstormProjects/ks/joecms/Application/Admin/Controller/PositioncontentController.class.php 第 17 行.
NOTIC: [2] Declaration of Admin\Controller\PositioncontentController::listorder() should be compatible with Admin\Controller\CommonController::listorder($model = '') /Users/joe/PhpstormProjects/ks/joecms/Application/Admin/Controller/PositioncontentController.class.php 第 17 行.
NOTIC: [2] Declaration of Common\Model\PositionContentModel::find($id) should be compatible with Think\Model::find($options = Array) /Users/joe/PhpstormProjects/ks/joecms/Application/Common/Model/PositionContentModel.class.php 第 10 行.
SQL: SHOW COLUMNS FROM `cms_position_content` [ RunTime:0.0064s ]
SQL: UPDATE `cms_position_content` SET `status`='0' WHERE ( id=29 ) [ RunTime:0.0016s ]

[ 2017-12-24T22:48:47+08:00 ] ::1 /admin.php?c=positioncontent&a=setStatus
INFO: [ app_begin ] --START--
INFO: Run Behavior\ReadHtmlCacheBehavior [ RunTime:0.000703s ]
INFO: [ app_begin ] --END-- [ RunTime:0.001168s ]
NOTIC: [2] Declaration of Admin\Controller\PositioncontentController::setStatus() should be compatible with Admin\Controller\CommonController::setStatus($data, $models) /Users/joe/PhpstormProjects/ks/joecms/Application/Admin/Controller/PositioncontentController.class.php 第 17 行.
NOTIC: [2] Declaration of Admin\Controller\PositioncontentController::listorder() should be compatible with Admin\Controller\CommonController::listorder($model = '') /Users/joe/PhpstormProjects/ks/joecms/Application/Admin/Controller/PositioncontentController.class.php 第 17 行.
NOTIC: [2] Declaration of Common\Model\PositionContentModel::find($id) should be compatible with Think\Model::find($options = Array) /Users/joe/PhpstormProjects/ks/joecms/Application/Common/Model/PositionContentModel.class.php 第 10 行.
SQL: SHOW COLUMNS FROM `cms_position_content` [ RunTime:0.0042s ]
SQL: UPDATE `cms_position_content` SET `status`='1' WHERE ( id=29 ) [ RunTime:0.0006s ]

[ 2017-12-24T22:49:01+08:00 ] ::1 /admin.php?c=positioncontent&a=listorder
INFO: [ app_begin ] --START--
INFO: Run Behavior\ReadHtmlCacheBehavior [ RunTime:0.000669s ]
INFO: [ app_begin ] --END-- [ RunTime:0.001267s ]
NOTIC: [2] Declaration of Admin\Controller\PositioncontentController::setStatus() should be compatible with Admin\Controller\CommonController::setStatus($data, $models) /Users/joe/PhpstormProjects/ks/joecms/Application/Admin/Controller/PositioncontentController.class.php 第 17 行.
NOTIC: [2] Declaration of Admin\Controller\PositioncontentController::listorder() should be compatible with Admin\Controller\CommonController::listorder($model = '') /Users/joe/PhpstormProjects/ks/joecms/Application/Admin/Controller/PositioncontentController.class.php 第 17 行.
NOTIC: [2] Declaration of Common\Model\PositionContentModel::find($id) should be compatible with Think\Model::find($options = Array) /Users/joe/PhpstormProjects/ks/joecms/Application/Common/Model/PositionContentModel.class.php 第 10 行.
SQL: SHOW COLUMNS FROM `cms_position_content` [ RunTime:0.0038s ]
NOTIC: 建议使用E方法替代throw_exception

[ 2017-12-24T22:49:08+08:00 ] ::1 /admin.php?c=content&a=listorder
INFO: [ app_begin ] --START--
INFO: Run Behavior\ReadHtmlCacheBehavior [ RunTime:0.000604s ]
INFO: [ app_begin ] --END-- [ RunTime:0.001151s ]
NOTIC: [2] Declaration of Admin\Controller\ContentController::setStatus() should be compatible with Admin\Controller\CommonController::setStatus($data, $models) /Users/joe/PhpstormProjects/ks/joecms/Application/Admin/Controller/ContentController.class.php 第 16 行.
NOTIC: [2] Declaration of Admin\Controller\ContentController::listorder() should be compatible with Admin\Controller\CommonController::listorder($model = '') /Users/joe/PhpstormProjects/ks/joecms/Application/Admin/Controller/ContentController.class.php 第 16 行.
NOTIC: [2] Declaration of Common\Model\NewsModel::find($id) should be compatible with Think\Model::find($options = Array) /Users/joe/PhpstormProjects/ks/joecms/Application/Common/Model/NewsModel.class.php 第 7 行.
SQL: SHOW COLUMNS FROM `cms_news` [ RunTime:0.0043s ]
SQL: UPDATE `cms_news` SET `listorder`='2' WHERE ( news_id=24 ) [ RunTime:0.0006s ]
SQL: UPDATE `cms_news` SET `listorder`='1' WHERE ( news_id=29 ) [ RunTime:0.0004s ]
SQL: UPDATE `cms_news` SET `listorder`='1' WHERE ( news_id=23 ) [ RunTime:0.0003s ]
SQL: UPDATE `cms_news` SET `listorder`='1' WHERE ( news_id=17 ) [ RunTime:0.0003s ]
SQL: UPDATE `cms_news` SET `listorder`='0' WHERE ( news_id=28 ) [ RunTime:0.0003s ]

